# JRE version: OpenJDK Runtime Environment (11.0.13) (build 11.0.13+0-b1751.21-8125866)
# Java VM: OpenJDK 64-Bit Server VM (11.0.13+0-b1751.21-8125866, mixed mode, tiered, compressed oops, g1 gc, windows-amd64)
Heap:
 garbage-first heap   total 233472K, used 100994K [0x0000000742200000, 0x0000000800000000)
  region size 1024K, 44 young (45056K), 10 survivors (10240K)
 Metaspace       used 90439K, capacity 91355K, committed 91472K, reserved 1130496K
  class space    used 9808K, capacity 10198K, committed 10264K, reserved 1048576K
GC Heap History (18 events):
Event: 0.849 GC heap before
{Heap before GC invocations=0 (full 0):
 garbage-first heap   total 194560K, used 18432K [0x0000000742200000, 0x0000000800000000)
  region size 1024K, 14 young (14336K), 0 survivors (0K)
 Metaspace       used 9890K, capacity 9970K, committed 10112K, reserved 1058816K
  class space    used 825K, capacity 853K, committed 896K, reserved 1048576K
}
Event: 0.853 GC heap after
{Heap after GC invocations=1 (full 0):
 garbage-first heap   total 194560K, used 6276K [0x0000000742200000, 0x0000000800000000)
  region size 1024K, 2 young (2048K), 2 survivors (2048K)
 Metaspace       used 9890K, capacity 9970K, committed 10112K, reserved 1058816K
  class space    used 825K, capacity 853K, committed 896K, reserved 1048576K
}
Event: 2.476 GC heap before
{Heap before GC invocations=1 (full 0):
 garbage-first heap   total 194560K, used 52356K [0x0000000742200000, 0x0000000800000000)
  region size 1024K, 48 young (49152K), 2 survivors (2048K)
 Metaspace       used 20894K, capacity 21091K, committed 21296K, reserved 1069056K
  class space    used 2204K, capacity 2310K, committed 2432K, reserved 1048576K
}
Event: 2.488 GC heap after
{Heap after GC invocations=2 (full 0):
 garbage-first heap   total 194560K, used 11077K [0x0000000742200000, 0x0000000800000000)
  region size 1024K, 7 young (7168K), 7 survivors (7168K)
 Metaspace       used 20894K, capacity 21091K, committed 21296K, reserved 1069056K
  class space    used 2204K, capacity 2310K, committed 2432K, reserved 1048576K
}
Event: 4.729 GC heap before
{Heap before GC invocations=3 (full 0):
 garbage-first heap   total 194560K, used 63301K [0x0000000742200000, 0x0000000800000000)
  region size 1024K, 52 young (53248K), 7 survivors (7168K)
 Metaspace       used 32328K, capacity 32793K, committed 32944K, reserved 1079296K
  class space    used 3845K, capacity 4037K, committed 4096K, reserved 1048576K
}
Event: 4.747 GC heap after
{Heap after GC invocations=4 (full 0):
 garbage-first heap   total 194560K, used 22513K [0x0000000742200000, 0x0000000800000000)
  region size 1024K, 6 young (6144K), 6 survivors (6144K)
 Metaspace       used 32328K, capacity 32793K, committed 32944K, reserved 1079296K
  class space    used 3845K, capacity 4037K, committed 4096K, reserved 1048576K
}
Event: 5.491 GC heap before
{Heap before GC invocations=4 (full 0):
 garbage-first heap   total 194560K, used 36849K [0x0000000742200000, 0x0000000800000000)
  region size 1024K, 21 young (21504K), 6 survivors (6144K)
 Metaspace       used 35383K, capacity 35843K, committed 35920K, reserved 1081344K
  class space    used 4394K, capacity 4583K, committed 4608K, reserved 1048576K
}
Event: 5.502 GC heap after
{Heap after GC invocations=5 (full 0):
 garbage-first heap   total 194560K, used 24576K [0x0000000742200000, 0x0000000800000000)
  region size 1024K, 2 young (2048K), 2 survivors (2048K)
 Metaspace       used 35383K, capacity 35843K, committed 35920K, reserved 1081344K
  class space    used 4394K, capacity 4583K, committed 4608K, reserved 1048576K
}
Event: 7.675 GC heap before
{Heap before GC invocations=6 (full 0):
 garbage-first heap   total 194560K, used 83968K [0x0000000742200000, 0x0000000800000000)
  region size 1024K, 60 young (61440K), 2 survivors (2048K)
 Metaspace       used 47374K, capacity 47925K, committed 48284K, reserved 1091584K
  class space    used 5600K, capacity 5854K, committed 5964K, reserved 1048576K
}
Event: 7.692 GC heap after
{Heap after GC invocations=7 (full 0):
 garbage-first heap   total 194560K, used 29111K [0x0000000742200000, 0x0000000800000000)
  region size 1024K, 8 young (8192K), 8 survivors (8192K)
 Metaspace       used 47374K, capacity 47925K, committed 48284K, reserved 1091584K
  class space    used 5600K, capacity 5854K, committed 5964K, reserved 1048576K
}
Event: 10.481 GC heap before
{Heap before GC invocations=7 (full 0):
 garbage-first heap   total 194560K, used 104887K [0x0000000742200000, 0x0000000800000000)
  region size 1024K, 79 young (80896K), 8 survivors (8192K)
 Metaspace       used 54570K, capacity 55188K, committed 55324K, reserved 1097728K
  class space    used 6326K, capacity 6577K, committed 6604K, reserved 1048576K
}
Event: 10.510 GC heap after
{Heap after GC invocations=8 (full 0):
 garbage-first heap   total 194560K, used 39266K [0x0000000742200000, 0x0000000800000000)
  region size 1024K, 8 young (8192K), 8 survivors (8192K)
 Metaspace       used 54570K, capacity 55188K, committed 55324K, reserved 1097728K
  class space    used 6326K, capacity 6577K, committed 6604K, reserved 1048576K
}
Event: 13.915 GC heap before
{Heap before GC invocations=8 (full 0):
 garbage-first heap   total 194560K, used 106850K [0x0000000742200000, 0x0000000800000000)
  region size 1024K, 75 young (76800K), 8 survivors (8192K)
 Metaspace       used 59644K, capacity 60305K, committed 60420K, reserved 1103872K
  class space    used 6791K, capacity 7083K, committed 7116K, reserved 1048576K
}
Event: 13.944 GC heap after
{Heap after GC invocations=9 (full 0):
 garbage-first heap   total 233472K, used 49139K [0x0000000742200000, 0x0000000800000000)
  region size 1024K, 10 young (10240K), 10 survivors (10240K)
 Metaspace       used 59644K, capacity 60305K, committed 60420K, reserved 1103872K
  class space    used 6791K, capacity 7083K, committed 7116K, reserved 1048576K
}
Event: 21.505 GC heap before
{Heap before GC invocations=10 (full 0):
 garbage-first heap   total 233472K, used 138227K [0x0000000742200000, 0x0000000800000000)
  region size 1024K, 97 young (99328K), 10 survivors (10240K)
 Metaspace       used 73366K, capacity 74227K, committed 74576K, reserved 1116160K
  class space    used 8258K, capacity 8607K, committed 8728K, reserved 1048576K
}
Event: 21.536 GC heap after
{Heap after GC invocations=11 (full 0):
 garbage-first heap   total 233472K, used 57767K [0x0000000742200000, 0x0000000800000000)
  region size 1024K, 9 young (9216K), 9 survivors (9216K)
 Metaspace       used 73366K, capacity 74227K, committed 74576K, reserved 1116160K
  class space    used 8258K, capacity 8607K, committed 8728K, reserved 1048576K
}
Event: 26.484 GC heap before
{Heap before GC invocations=11 (full 0):
 garbage-first heap   total 233472K, used 159143K [0x0000000742200000, 0x0000000800000000)
  region size 1024K, 108 young (110592K), 9 survivors (9216K)
 Metaspace       used 86254K, capacity 87214K, committed 87504K, reserved 1126400K
  class space    used 9472K, capacity 9842K, committed 9880K, reserved 1048576K
}
Event: 26.519 GC heap after
{Heap after GC invocations=12 (full 0):
 garbage-first heap   total 233472K, used 68226K [0x0000000742200000, 0x0000000800000000)
  region size 1024K, 10 young (10240K), 10 survivors (10240K)
 Metaspace       used 86254K, capacity 87214K, committed 87504K, reserved 1126400K
  class space    used 9472K, capacity 9842K, committed 9880K, reserved 1048576K
}

